2020-04-20 11:15:19,982 [ModalContext] INFO  o.e.m.c.i.e.AbstractTransferListenerAdapter - Downloading https://repo.maven.apache.org/maven2/org/apache/maven/archetypes/maven-archetype-quickstart/1.1/maven-archetype-quickstart-1.1.jar
2020-04-20 11:15:20,469 [ModalContext] INFO  o.e.m.c.i.e.AbstractTransferListenerAdapter - Downloaded https://repo.maven.apache.org/maven2/org/apache/maven/archetypes/maven-archetype-quickstart/1.1/maven-archetype-quickstart-1.1.jar
2020-04-20 11:15:20,787 [ModalContext] INFO  o.e.m.c.i.e.AbstractTransferListenerAdapter - Downloading https://repo.maven.apache.org/maven2/org/apache/maven/archetypes/maven-archetype-quickstart/1.1/maven-archetype-quickstart-1.1.pom
2020-04-20 11:15:21,039 [ModalContext] INFO  o.e.m.c.i.e.AbstractTransferListenerAdapter - Downloaded https://repo.maven.apache.org/maven2/org/apache/maven/archetypes/maven-archetype-quickstart/1.1/maven-archetype-quickstart-1.1.pom
2020-04-20 11:15:40,883 [Worker-16] INFO  o.e.m.c.i.p.ProjectConfigurationManager - Collecting project info '/pom.xml' D:\Mohan\job\Course\Project\Selenium\ArtifactID\pom.xml
2020-04-20 11:15:59,784 [Worker-16] INFO  o.e.m.c.i.l.LifecycleMappingFactory - Using org.eclipse.m2e.jdt.JarLifecycleMapping lifecycle mapping for MavenProject: GroupID:ArtifactID:0.0.1-SNAPSHOT @ D:\Mohan\job\Course\Project\Selenium\ArtifactID\pom.xml.
2020-04-20 11:16:05,191 [Worker-16] INFO  o.e.m.j.i.AbstractJavaProjectConfigurator - Adding source folder /ArtifactID/src/main/java
2020-04-20 11:16:05,206 [Worker-16] INFO  o.e.m.j.i.AbstractJavaProjectConfigurator - Adding source folder /ArtifactID/src/test/java
2020-04-20 11:16:08,093 [Worker-16] INFO  o.e.m.c.i.p.ProjectConfigurationManager - Imported and configured 1 project(s) in 27 sec
2020-04-20 11:16:09,583 [Worker-21] INFO  o.e.m.c.i.embedder.EclipseLogger - Using 'UTF-8' encoding to copy filtered resources.
2020-04-20 11:16:09,583 [Worker-21] INFO  o.e.m.c.i.embedder.EclipseLogger - skip non existing resourceDirectory D:\Mohan\job\Course\Project\Selenium\ArtifactID\src\main\resources
2020-04-20 11:16:09,590 [Worker-21] INFO  o.e.m.c.i.embedder.EclipseLogger - Using 'UTF-8' encoding to copy filtered resources.
2020-04-20 11:16:09,590 [Worker-21] INFO  o.e.m.c.i.embedder.EclipseLogger - skip non existing resourceDirectory D:\Mohan\job\Course\Project\Selenium\ArtifactID\src\test\resources
2020-04-20 11:49:29,853 [Worker-27] INFO  o.e.m.c.i.l.LifecycleMappingFactory - Using org.eclipse.m2e.jdt.JarLifecycleMapping lifecycle mapping for MavenProject: GroupID:ArtifactID:0.0.1-SNAPSHOT @ D:\Mohan\job\Course\Project\Selenium\ArtifactID\pom.xml.
2020-04-20 11:49:30,987 [Worker-27] INFO  o.e.m.c.i.embedder.EclipseLogger - Using 'UTF-8' encoding to copy filtered resources.
2020-04-20 11:49:30,987 [Worker-27] INFO  o.e.m.c.i.embedder.EclipseLogger - skip non existing resourceDirectory D:\Mohan\job\Course\Project\Selenium\ArtifactID\src\main\resources
2020-04-20 11:49:30,990 [Worker-27] INFO  o.e.m.c.i.embedder.EclipseLogger - Using 'UTF-8' encoding to copy filtered resources.
2020-04-20 11:49:30,990 [Worker-27] INFO  o.e.m.c.i.embedder.EclipseLogger - skip non existing resourceDirectory D:\Mohan\job\Course\Project\Selenium\ArtifactID\src\test\resources
2020-04-20 11:49:32,711 [Worker-27] INFO  o.e.m.c.i.embedder.EclipseLogger - Using 'UTF-8' encoding to copy filtered resources.
2020-04-20 11:49:32,711 [Worker-27] INFO  o.e.m.c.i.embedder.EclipseLogger - skip non existing resourceDirectory D:\Mohan\job\Course\Project\Selenium\ArtifactID\src\main\resources
2020-04-20 11:49:32,714 [Worker-27] INFO  o.e.m.c.i.embedder.EclipseLogger - Using 'UTF-8' encoding to copy filtered resources.
2020-04-20 11:49:32,714 [Worker-27] INFO  o.e.m.c.i.embedder.EclipseLogger - skip non existing resourceDirectory D:\Mohan\job\Course\Project\Selenium\ArtifactID\src\test\resources
2020-04-20 11:53:35,214 [Worker-31] INFO  o.e.m.c.i.embedder.EclipseLogger - Using 'UTF-8' encoding to copy filtered resources.
2020-04-20 11:53:35,214 [Worker-31] INFO  o.e.m.c.i.embedder.EclipseLogger - skip non existing resourceDirectory D:\Mohan\job\Course\Project\Selenium\ArtifactID\src\main\resources
2020-04-20 11:53:35,216 [Worker-31] INFO  o.e.m.c.i.embedder.EclipseLogger - Using 'UTF-8' encoding to copy filtered resources.
2020-04-20 11:53:35,216 [Worker-31] INFO  o.e.m.c.i.embedder.EclipseLogger - skip non existing resourceDirectory D:\Mohan\job\Course\Project\Selenium\ArtifactID\src\test\resources
2020-04-20 11:54:51,237 [Worker-31] INFO  o.e.m.c.i.p.ProjectConfigurationManager - Collecting project info '/pom.xml' D:\Mohan\job\Course\Project\Selenium\Version1\pom.xml
2020-04-20 11:54:51,481 [Worker-31] INFO  o.e.m.c.i.l.LifecycleMappingFactory - Using org.eclipse.m2e.jdt.JarLifecycleMapping lifecycle mapping for MavenProject: GroupID:Version1:0.0.1-SNAPSHOT @ D:\Mohan\job\Course\Project\Selenium\Version1\pom.xml.
2020-04-20 11:54:51,773 [Worker-31] INFO  o.e.m.j.i.AbstractJavaProjectConfigurator - Adding source folder /Version1/src/main/java
2020-04-20 11:54:51,783 [Worker-31] INFO  o.e.m.j.i.AbstractJavaProjectConfigurator - Adding source folder /Version1/src/test/java
2020-04-20 11:54:51,886 [Worker-31] INFO  o.e.m.c.i.p.ProjectConfigurationManager - Imported and configured 1 project(s) in 0 sec
2020-04-20 11:54:52,244 [Worker-36] INFO  o.e.m.c.i.embedder.EclipseLogger - Using 'UTF-8' encoding to copy filtered resources.
2020-04-20 11:54:52,245 [Worker-36] INFO  o.e.m.c.i.embedder.EclipseLogger - skip non existing resourceDirectory D:\Mohan\job\Course\Project\Selenium\Version1\src\main\resources
2020-04-20 11:54:52,247 [Worker-36] INFO  o.e.m.c.i.embedder.EclipseLogger - Using 'UTF-8' encoding to copy filtered resources.
2020-04-20 11:54:52,247 [Worker-36] INFO  o.e.m.c.i.embedder.EclipseLogger - skip non existing resourceDirectory D:\Mohan\job\Course\Project\Selenium\Version1\src\test\resources
2020-04-20 11:55:49,768 [Worker-35] INFO  o.e.m.c.i.l.LifecycleMappingFactory - Using org.eclipse.m2e.jdt.JarLifecycleMapping lifecycle mapping for MavenProject: GroupID:Version1:0.0.1-SNAPSHOT @ D:\Mohan\job\Course\Project\Selenium\Version1\pom.xml.
2020-04-20 11:55:50,781 [Worker-35] INFO  o.e.m.c.i.embedder.EclipseLogger - Using 'UTF-8' encoding to copy filtered resources.
2020-04-20 11:55:50,781 [Worker-35] INFO  o.e.m.c.i.embedder.EclipseLogger - skip non existing resourceDirectory D:\Mohan\job\Course\Project\Selenium\Version1\src\main\resources
2020-04-20 11:55:50,783 [Worker-35] INFO  o.e.m.c.i.embedder.EclipseLogger - Using 'UTF-8' encoding to copy filtered resources.
2020-04-20 11:55:50,783 [Worker-35] INFO  o.e.m.c.i.embedder.EclipseLogger - skip non existing resourceDirectory D:\Mohan\job\Course\Project\Selenium\Version1\src\test\resources
2020-04-20 11:55:52,302 [Worker-35] INFO  o.e.m.c.i.embedder.EclipseLogger - Using 'UTF-8' encoding to copy filtered resources.
2020-04-20 11:55:52,303 [Worker-35] INFO  o.e.m.c.i.embedder.EclipseLogger - skip non existing resourceDirectory D:\Mohan\job\Course\Project\Selenium\Version1\src\main\resources
2020-04-20 11:55:52,308 [Worker-35] INFO  o.e.m.c.i.embedder.EclipseLogger - Using 'UTF-8' encoding to copy filtered resources.
2020-04-20 11:55:52,309 [Worker-35] INFO  o.e.m.c.i.embedder.EclipseLogger - skip non existing resourceDirectory D:\Mohan\job\Course\Project\Selenium\Version1\src\test\resources
2020-04-20 12:07:37,944 [Worker-42] INFO  o.e.m.c.i.embedder.EclipseLogger - Using 'UTF-8' encoding to copy filtered resources.
2020-04-20 12:07:37,945 [Worker-42] INFO  o.e.m.c.i.embedder.EclipseLogger - skip non existing resourceDirectory D:\Mohan\job\Course\Project\Selenium\Version1\src\main\resources
2020-04-20 12:07:37,946 [Worker-42] INFO  o.e.m.c.i.embedder.EclipseLogger - Using 'UTF-8' encoding to copy filtered resources.
2020-04-20 12:07:37,947 [Worker-42] INFO  o.e.m.c.i.embedder.EclipseLogger - skip non existing resourceDirectory D:\Mohan\job\Course\Project\Selenium\Version1\src\test\resources
2020-04-20 12:07:39,713 [Worker-42] INFO  o.e.m.c.i.embedder.EclipseLogger - Using 'UTF-8' encoding to copy filtered resources.
2020-04-20 12:07:39,714 [Worker-42] INFO  o.e.m.c.i.embedder.EclipseLogger - skip non existing resourceDirectory D:\Mohan\job\Course\Project\Selenium\Version1\src\main\resources
2020-04-20 12:07:39,721 [Worker-42] INFO  o.e.m.c.i.embedder.EclipseLogger - Using 'UTF-8' encoding to copy filtered resources.
2020-04-20 12:07:39,721 [Worker-42] INFO  o.e.m.c.i.embedder.EclipseLogger - skip non existing resourceDirectory D:\Mohan\job\Course\Project\Selenium\Version1\src\test\resources
2020-04-20 12:07:55,997 [Worker-40] INFO  o.e.m.c.i.embedder.EclipseLogger - Using 'UTF-8' encoding to copy filtered resources.
2020-04-20 12:07:55,997 [Worker-40] INFO  o.e.m.c.i.embedder.EclipseLogger - skip non existing resourceDirectory D:\Mohan\job\Course\Project\Selenium\Version1\src\main\resources
2020-04-20 12:07:56,002 [Worker-40] INFO  o.e.m.c.i.embedder.EclipseLogger - Using 'UTF-8' encoding to copy filtered resources.
2020-04-20 12:07:56,002 [Worker-40] INFO  o.e.m.c.i.embedder.EclipseLogger - skip non existing resourceDirectory D:\Mohan\job\Course\Project\Selenium\Version1\src\test\resources
2020-04-20 12:08:08,399 [Worker-41] INFO  o.e.m.c.i.embedder.EclipseLogger - Using 'UTF-8' encoding to copy filtered resources.
2020-04-20 12:08:08,399 [Worker-41] INFO  o.e.m.c.i.embedder.EclipseLogger - skip non existing resourceDirectory D:\Mohan\job\Course\Project\Selenium\Version1\src\main\resources
2020-04-20 12:08:08,402 [Worker-41] INFO  o.e.m.c.i.embedder.EclipseLogger - Using 'UTF-8' encoding to copy filtered resources.
2020-04-20 12:08:08,402 [Worker-41] INFO  o.e.m.c.i.embedder.EclipseLogger - skip non existing resourceDirectory D:\Mohan\job\Course\Project\Selenium\Version1\src\test\resources
2020-04-20 12:08:23,196 [Worker-41] INFO  o.e.m.c.i.embedder.EclipseLogger - Using 'UTF-8' encoding to copy filtered resources.
2020-04-20 12:08:23,196 [Worker-41] INFO  o.e.m.c.i.embedder.EclipseLogger - skip non existing resourceDirectory D:\Mohan\job\Course\Project\Selenium\Version1\src\main\resources
2020-04-20 12:08:23,198 [Worker-41] INFO  o.e.m.c.i.embedder.EclipseLogger - Using 'UTF-8' encoding to copy filtered resources.
2020-04-20 12:08:23,198 [Worker-41] INFO  o.e.m.c.i.embedder.EclipseLogger - skip non existing resourceDirectory D:\Mohan\job\Course\Project\Selenium\Version1\src\test\resources
2020-04-20 12:08:41,644 [Worker-42] INFO  o.e.m.c.i.embedder.EclipseLogger - Using 'UTF-8' encoding to copy filtered resources.
2020-04-20 12:08:41,644 [Worker-42] INFO  o.e.m.c.i.embedder.EclipseLogger - skip non existing resourceDirectory D:\Mohan\job\Course\Project\Selenium\Version1\src\main\resources
2020-04-20 12:08:41,647 [Worker-42] INFO  o.e.m.c.i.embedder.EclipseLogger - Using 'UTF-8' encoding to copy filtered resources.
2020-04-20 12:08:41,647 [Worker-42] INFO  o.e.m.c.i.embedder.EclipseLogger - skip non existing resourceDirectory D:\Mohan\job\Course\Project\Selenium\Version1\src\test\resources
2020-04-20 12:08:52,810 [Worker-41] INFO  o.e.m.c.i.embedder.EclipseLogger - Using 'UTF-8' encoding to copy filtered resources.
2020-04-20 12:08:52,810 [Worker-41] INFO  o.e.m.c.i.embedder.EclipseLogger - skip non existing resourceDirectory D:\Mohan\job\Course\Project\Selenium\Version1\src\main\resources
2020-04-20 12:08:52,811 [Worker-41] INFO  o.e.m.c.i.embedder.EclipseLogger - Using 'UTF-8' encoding to copy filtered resources.
2020-04-20 12:08:52,812 [Worker-41] INFO  o.e.m.c.i.embedder.EclipseLogger - skip non existing resourceDirectory D:\Mohan\job\Course\Project\Selenium\Version1\src\test\resources
2020-04-20 12:58:30,956 [Worker-61] INFO  o.e.m.c.i.embedder.EclipseLogger - Using 'UTF-8' encoding to copy filtered resources.
2020-04-20 12:58:30,957 [Worker-61] INFO  o.e.m.c.i.embedder.EclipseLogger - skip non existing resourceDirectory D:\Mohan\job\Course\Project\Selenium\Version1\src\main\resources
2020-04-20 12:58:30,959 [Worker-61] INFO  o.e.m.c.i.embedder.EclipseLogger - Using 'UTF-8' encoding to copy filtered resources.
2020-04-20 12:58:30,959 [Worker-61] INFO  o.e.m.c.i.embedder.EclipseLogger - skip non existing resourceDirectory D:\Mohan\job\Course\Project\Selenium\Version1\src\test\resources
2020-04-20 13:03:44,592 [Worker-65] INFO  o.e.m.c.i.l.LifecycleMappingFactory - Using org.eclipse.m2e.jdt.JarLifecycleMapping lifecycle mapping for MavenProject: GroupID:Version1:0.0.1-SNAPSHOT @ D:\Mohan\job\Course\Project\Selenium\Version1\pom.xml.
2020-04-20 13:03:46,530 [Worker-65] INFO  o.e.m.c.i.e.AbstractTransferListenerAdapter - Downloading https://repo.maven.apache.org/maven2/info/cukes/cucumber-junit/1.2.5/cucumber-junit-1.2.5.pom
2020-04-20 13:03:47,252 [Worker-65] INFO  o.e.m.c.i.e.AbstractTransferListenerAdapter - Downloaded https://repo.maven.apache.org/maven2/info/cukes/cucumber-junit/1.2.5/cucumber-junit-1.2.5.pom
2020-04-20 13:03:47,715 [Worker-65] INFO  o.e.m.c.i.e.AbstractTransferListenerAdapter - Downloading https://repo.maven.apache.org/maven2/info/cukes/cucumber-junit/1.2.5/cucumber-junit-1.2.5.jar
2020-04-20 13:03:48,395 [Worker-65] INFO  o.e.m.c.i.e.AbstractTransferListenerAdapter - Downloaded https://repo.maven.apache.org/maven2/info/cukes/cucumber-junit/1.2.5/cucumber-junit-1.2.5.jar
2020-04-20 13:03:50,834 [Worker-65] INFO  o.e.m.c.i.embedder.EclipseLogger - Using 'UTF-8' encoding to copy filtered resources.
2020-04-20 13:03:50,834 [Worker-65] INFO  o.e.m.c.i.embedder.EclipseLogger - skip non existing resourceDirectory D:\Mohan\job\Course\Project\Selenium\Version1\src\main\resources
2020-04-20 13:03:50,837 [Worker-65] INFO  o.e.m.c.i.embedder.EclipseLogger - Using 'UTF-8' encoding to copy filtered resources.
2020-04-20 13:03:50,837 [Worker-65] INFO  o.e.m.c.i.embedder.EclipseLogger - skip non existing resourceDirectory D:\Mohan\job\Course\Project\Selenium\Version1\src\test\resources
2020-04-20 13:03:52,628 [Worker-60] INFO  o.e.m.c.i.embedder.EclipseLogger - Using 'UTF-8' encoding to copy filtered resources.
2020-04-20 13:03:52,628 [Worker-60] INFO  o.e.m.c.i.embedder.EclipseLogger - skip non existing resourceDirectory D:\Mohan\job\Course\Project\Selenium\Version1\src\main\resources
2020-04-20 13:03:52,629 [Worker-60] INFO  o.e.m.c.i.embedder.EclipseLogger - Using 'UTF-8' encoding to copy filtered resources.
2020-04-20 13:03:52,629 [Worker-60] INFO  o.e.m.c.i.embedder.EclipseLogger - skip non existing resourceDirectory D:\Mohan\job\Course\Project\Selenium\Version1\src\test\resources
2020-04-20 13:04:23,831 [Worker-65] INFO  o.e.m.c.i.embedder.EclipseLogger - Using 'UTF-8' encoding to copy filtered resources.
2020-04-20 13:04:23,831 [Worker-65] INFO  o.e.m.c.i.embedder.EclipseLogger - skip non existing resourceDirectory D:\Mohan\job\Course\Project\Selenium\Version1\src\main\resources
2020-04-20 13:04:23,832 [Worker-65] INFO  o.e.m.c.i.embedder.EclipseLogger - Using 'UTF-8' encoding to copy filtered resources.
2020-04-20 13:04:23,833 [Worker-65] INFO  o.e.m.c.i.embedder.EclipseLogger - skip non existing resourceDirectory D:\Mohan\job\Course\Project\Selenium\Version1\src\test\resources
2020-04-20 13:57:59,798 [Worker-82] INFO  o.e.m.c.i.p.ProjectConfigurationManager - Collecting project info '/pom.xml' D:\Mohan\job\Course\Project\Selenium\Version2\pom.xml
2020-04-20 13:58:00,070 [Worker-82] INFO  o.e.m.c.i.l.LifecycleMappingFactory - Using org.eclipse.m2e.jdt.JarLifecycleMapping lifecycle mapping for MavenProject: GroupID:Version2:0.0.1-SNAPSHOT @ D:\Mohan\job\Course\Project\Selenium\Version2\pom.xml.
2020-04-20 13:58:00,381 [Worker-82] INFO  o.e.m.j.i.AbstractJavaProjectConfigurator - Adding source folder /Version2/src/main/java
2020-04-20 13:58:00,389 [Worker-82] INFO  o.e.m.j.i.AbstractJavaProjectConfigurator - Adding source folder /Version2/src/test/java
2020-04-20 13:58:00,509 [Worker-82] INFO  o.e.m.c.i.p.ProjectConfigurationManager - Imported and configured 1 project(s) in 0 sec
2020-04-20 13:58:01,230 [Worker-80] INFO  o.e.m.c.i.embedder.EclipseLogger - Using 'UTF-8' encoding to copy filtered resources.
2020-04-20 13:58:01,231 [Worker-80] INFO  o.e.m.c.i.embedder.EclipseLogger - skip non existing resourceDirectory D:\Mohan\job\Course\Project\Selenium\Version2\src\main\resources
2020-04-20 13:58:01,234 [Worker-80] INFO  o.e.m.c.i.embedder.EclipseLogger - Using 'UTF-8' encoding to copy filtered resources.
2020-04-20 13:58:01,235 [Worker-80] INFO  o.e.m.c.i.embedder.EclipseLogger - skip non existing resourceDirectory D:\Mohan\job\Course\Project\Selenium\Version2\src\test\resources
2020-04-20 13:58:23,462 [Worker-84] INFO  o.e.m.c.i.embedder.EclipseLogger - Using 'UTF-8' encoding to copy filtered resources.
2020-04-20 13:58:23,463 [Worker-84] INFO  o.e.m.c.i.embedder.EclipseLogger - skip non existing resourceDirectory D:\Mohan\job\Course\Project\Selenium\Version2\src\main\resources
2020-04-20 13:58:23,467 [Worker-84] INFO  o.e.m.c.i.embedder.EclipseLogger - Using 'UTF-8' encoding to copy filtered resources.
2020-04-20 13:58:23,467 [Worker-84] INFO  o.e.m.c.i.embedder.EclipseLogger - skip non existing resourceDirectory D:\Mohan\job\Course\Project\Selenium\Version2\src\test\resources
2020-04-20 13:58:34,422 [Worker-80] INFO  o.e.m.c.i.embedder.EclipseLogger - Using 'UTF-8' encoding to copy filtered resources.
2020-04-20 13:58:34,422 [Worker-80] INFO  o.e.m.c.i.embedder.EclipseLogger - skip non existing resourceDirectory D:\Mohan\job\Course\Project\Selenium\Version2\src\main\resources
2020-04-20 13:58:34,423 [Worker-80] INFO  o.e.m.c.i.embedder.EclipseLogger - Using 'UTF-8' encoding to copy filtered resources.
2020-04-20 13:58:34,423 [Worker-80] INFO  o.e.m.c.i.embedder.EclipseLogger - skip non existing resourceDirectory D:\Mohan\job\Course\Project\Selenium\Version2\src\test\resources
